<?xml version="1.0" encoding="UTF-8"?>
<testsuite xmlns:xsi="http://www.w3.org/2001/XMLSchema-instance" xsi:noNamespaceSchemaLocation="https://maven.apache.org/surefire/maven-surefire-plugin/xsd/surefire-test-report.xsd" name="com.mapper.UserMapperTest" time="0.846" tests="2" errors="0" skipped="0" failures="0">
  <properties>
[...]
</properties>
  <testcase name="findById" classname="com.mapper.UserMapperTest" time="0.699"/>
  <testcase name="findByName" classname="com.mapper.UserMapperTest" time="0.087"/>
</testsuite>